Determining if the pthread_create exist failed with the following output:
Change Dir: /home/ray/ROS/rm_car/src/RoboRTS/roborts_base/cmake-build-debug/CMakeFiles/CMakeTmp

Run Build Command:"/usr/bin/make" "cmTC_f4095/fast"
/usr/bin/make -f CMakeFiles/cmTC_f4095.dir/build.make CMakeFiles/cmTC_f4095.dir/build
make[1]: Entering directory '/home/ray/ROS/rm_car/src/RoboRTS/roborts_base/cmake-build-debug/CMakeFiles/CMakeTmp'
Building C object CMakeFiles/cmTC_f4095.dir/CheckSymbolExists.c.o
/usr/bin/cc    -o CMakeFiles/cmTC_f4095.dir/CheckSymbolExists.c.o   -c /home/ray/ROS/rm_car/src/RoboRTS/roborts_base/cmake-build-debug/CMakeFiles/CMakeTmp/CheckSymbolExists.c
Linking C executable cmTC_f4095
/home/ray/APP/Clion/clion-2018.3.4/bin/cmake/linux/bin/cmake -E cmake_link_script CMakeFiles/cmTC_f4095.dir/link.txt --verbose=1
/usr/bin/cc      -rdynamic CMakeFiles/cmTC_f4095.dir/CheckSymbolExists.c.o  -o cmTC_f4095 
CMakeFiles/cmTC_f4095.dir/CheckSymbolExists.c.o: In function `main':
CheckSymbolExists.c:(.text+0x16): undefined reference to `pthread_create'
collect2: error: ld returned 1 exit status
CMakeFiles/cmTC_f4095.dir/build.make:86: recipe for target 'cmTC_f4095' failed
make[1]: *** [cmTC_f4095] Error 1
make[1]: Leaving directory '/home/ray/ROS/rm_car/src/RoboRTS/roborts_base/cmake-build-debug/CMakeFiles/CMakeTmp'
Makefile:121: recipe for target 'cmTC_f4095/fast' failed
make: *** [cmTC_f4095/fast] Error 2

File /home/ray/ROS/rm_car/src/RoboRTS/roborts_base/cmake-build-debug/CMakeFiles/CMakeTmp/CheckSymbolExists.c:
/* */
#include <pthread.h>

int main(int argc, char** argv)
{
  (void)argv;
#ifndef pthread_create
  return ((int*)(&pthread_create))[argc];
#else
  (void)argc;
  return 0;
#endif
}

Determining if the function pthread_create exists in the pthreads failed with the following output:
Change Dir: /home/ray/ROS/rm_car/src/RoboRTS/roborts_base/cmake-build-debug/CMakeFiles/CMakeTmp

Run Build Command:"/usr/bin/make" "cmTC_98596/fast"
/usr/bin/make -f CMakeFiles/cmTC_98596.dir/build.make CMakeFiles/cmTC_98596.dir/build
make[1]: Entering directory '/home/ray/ROS/rm_car/src/RoboRTS/roborts_base/cmake-build-debug/CMakeFiles/CMakeTmp'
Building C object CMakeFiles/cmTC_98596.dir/CheckFunctionExists.c.o
/usr/bin/cc   -DCHECK_FUNCTION_EXISTS=pthread_create   -o CMakeFiles/cmTC_98596.dir/CheckFunctionExists.c.o   -c /home/ray/APP/Clion/clion-2018.3.4/bin/cmake/linux/share/cmake-3.13/Modules/CheckFunctionExists.c
Linking C executable cmTC_98596
/home/ray/APP/Clion/clion-2018.3.4/bin/cmake/linux/bin/cmake -E cmake_link_script CMakeFiles/cmTC_98596.dir/link.txt --verbose=1
/usr/bin/cc  -DCHECK_FUNCTION_EXISTS=pthread_create    -rdynamic CMakeFiles/cmTC_98596.dir/CheckFunctionExists.c.o  -o cmTC_98596 -lpthreads 
/usr/bin/ld: cannot find -lpthreads
collect2: error: ld returned 1 exit status
CMakeFiles/cmTC_98596.dir/build.make:86: recipe for target 'cmTC_98596' failed
make[1]: *** [cmTC_98596] Error 1
make[1]: Leaving directory '/home/ray/ROS/rm_car/src/RoboRTS/roborts_base/cmake-build-debug/CMakeFiles/CMakeTmp'
Makefile:121: recipe for target 'cmTC_98596/fast' failed
make: *** [cmTC_98596/fast] Error 2


